[2023-05-28 00:24:21,602] DEBUG logs.logger: Starting get_config().
[2023-05-28 00:24:21,623] DEBUG logs.logger: Database was created.
[2023-05-28 00:24:21,623] DEBUG logs.logger: Database was created.
[2023-05-28 00:24:21,630] DEBUG logs.logger: Starting CPU load recording.
[2023-05-28 00:24:21,630] DEBUG logs.logger: Starting CPU load recording.
[2023-05-28 00:24:21,630] DEBUG logs.logger: Start recording.
[2023-05-28 00:24:21,630] DEBUG logs.logger: Start recording.
[2023-05-28 00:24:21,630] DEBUG logs.logger: Start recording.
[2023-05-28 00:24:21,631] DEBUG logs.logger: CPU load recording started successfully.
[2023-05-28 00:24:21,631] DEBUG logs.logger: CPU load recording started successfully.
[2023-05-28 00:24:21,631] DEBUG logs.logger: CPU load recording started successfully.
[2023-05-28 00:24:21,631] INFO logs.logger: 25.0%
[2023-05-28 00:24:21,631] INFO logs.logger: 25.0%
[2023-05-28 00:24:21,631] INFO logs.logger: 25.0%
[2023-05-28 00:24:26,641] INFO logs.logger: 12.8%
[2023-05-28 00:24:26,641] INFO logs.logger: 12.8%
[2023-05-28 00:24:26,641] INFO logs.logger: 12.8%
[2023-05-28 00:24:31,651] INFO logs.logger: 10.0%
[2023-05-28 00:24:31,651] INFO logs.logger: 10.0%
[2023-05-28 00:24:31,651] INFO logs.logger: 10.0%
[2023-05-28 00:24:36,663] INFO logs.logger: 12.2%
[2023-05-28 00:24:36,663] INFO logs.logger: 12.2%
[2023-05-28 00:24:36,663] INFO logs.logger: 12.2%
[2023-05-28 00:24:41,670] INFO logs.logger: 9.5%
[2023-05-28 00:24:41,670] INFO logs.logger: 9.5%
[2023-05-28 00:24:41,670] INFO logs.logger: 9.5%
[2023-05-28 00:24:46,680] INFO logs.logger: 11.7%
[2023-05-28 00:24:46,680] INFO logs.logger: 11.7%
[2023-05-28 00:24:46,680] INFO logs.logger: 11.7%
[2023-05-28 00:24:51,697] INFO logs.logger: 11.4%
[2023-05-28 00:24:51,697] INFO logs.logger: 11.4%
[2023-05-28 00:24:51,697] INFO logs.logger: 11.4%
[2023-05-28 00:24:56,704] INFO logs.logger: 7.5%
[2023-05-28 00:24:56,704] INFO logs.logger: 7.5%
[2023-05-28 00:24:56,704] INFO logs.logger: 7.5%
[2023-05-28 00:25:04,613] INFO logs.logger: 16.7%
[2023-05-28 00:25:04,613] INFO logs.logger: 16.7%
[2023-05-28 00:25:04,613] INFO logs.logger: 16.7%
[2023-05-28 00:25:09,623] INFO logs.logger: 14.6%
[2023-05-28 00:25:09,623] INFO logs.logger: 14.6%
[2023-05-28 00:25:09,623] INFO logs.logger: 14.6%
[2023-05-28 00:25:14,631] INFO logs.logger: 8.5%
[2023-05-28 00:25:14,631] INFO logs.logger: 8.5%
[2023-05-28 00:25:14,631] INFO logs.logger: 8.5%
[2023-05-28 00:25:19,651] INFO logs.logger: 14.1%
[2023-05-28 00:25:19,651] INFO logs.logger: 14.1%
[2023-05-28 00:25:19,651] INFO logs.logger: 14.1%
[2023-05-28 00:25:24,659] INFO logs.logger: 16.0%
[2023-05-28 00:25:24,659] INFO logs.logger: 16.0%
[2023-05-28 00:25:24,659] INFO logs.logger: 16.0%
[2023-05-28 00:25:29,671] INFO logs.logger: 14.8%
[2023-05-28 00:25:29,671] INFO logs.logger: 14.8%
[2023-05-28 00:25:29,671] INFO logs.logger: 14.8%
[2023-05-28 00:25:34,688] INFO logs.logger: 13.7%
[2023-05-28 00:25:34,688] INFO logs.logger: 13.7%
[2023-05-28 00:25:34,688] INFO logs.logger: 13.7%
[2023-05-28 00:25:39,700] INFO logs.logger: 5.2%
[2023-05-28 00:25:39,700] INFO logs.logger: 5.2%
[2023-05-28 00:25:39,700] INFO logs.logger: 5.2%
[2023-05-28 00:25:44,719] INFO logs.logger: 11.7%
[2023-05-28 00:25:44,719] INFO logs.logger: 11.7%
[2023-05-28 00:25:44,719] INFO logs.logger: 11.7%
[2023-05-28 00:25:49,728] INFO logs.logger: 13.0%
[2023-05-28 00:25:49,728] INFO logs.logger: 13.0%
[2023-05-28 00:25:49,728] INFO logs.logger: 13.0%
[2023-05-28 00:25:54,742] INFO logs.logger: 11.2%
[2023-05-28 00:25:54,742] INFO logs.logger: 11.2%
[2023-05-28 00:25:54,742] INFO logs.logger: 11.2%
[2023-05-28 00:25:59,759] INFO logs.logger: 18.0%
[2023-05-28 00:25:59,759] INFO logs.logger: 18.0%
[2023-05-28 00:25:59,759] INFO logs.logger: 18.0%
[2023-05-28 00:26:04,767] INFO logs.logger: 12.1%
[2023-05-28 00:26:04,767] INFO logs.logger: 12.1%
[2023-05-28 00:26:04,767] INFO logs.logger: 12.1%
[2023-05-28 00:26:09,776] INFO logs.logger: 13.1%
[2023-05-28 00:26:09,776] INFO logs.logger: 13.1%
[2023-05-28 00:26:09,776] INFO logs.logger: 13.1%
[2023-05-28 00:26:14,787] INFO logs.logger: 10.6%
[2023-05-28 00:26:14,787] INFO logs.logger: 10.6%
[2023-05-28 00:26:14,787] INFO logs.logger: 10.6%
[2023-05-28 00:26:19,795] INFO logs.logger: 8.1%
[2023-05-28 00:26:19,795] INFO logs.logger: 8.1%
[2023-05-28 00:26:19,795] INFO logs.logger: 8.1%
[2023-05-28 00:26:24,807] INFO logs.logger: 8.3%
[2023-05-28 00:26:24,807] INFO logs.logger: 8.3%
[2023-05-28 00:26:24,807] INFO logs.logger: 8.3%
[2023-05-28 00:26:29,818] INFO logs.logger: 6.8%
[2023-05-28 00:26:29,818] INFO logs.logger: 6.8%
[2023-05-28 00:26:29,818] INFO logs.logger: 6.8%
[2023-05-28 00:26:34,831] INFO logs.logger: 22.5%
[2023-05-28 00:26:34,831] INFO logs.logger: 22.5%
[2023-05-28 00:26:34,831] INFO logs.logger: 22.5%
[2023-05-28 00:26:39,844] INFO logs.logger: 17.8%
[2023-05-28 00:26:39,844] INFO logs.logger: 17.8%
[2023-05-28 00:26:39,844] INFO logs.logger: 17.8%
[2023-05-28 00:26:44,851] INFO logs.logger: 12.1%
[2023-05-28 00:26:44,851] INFO logs.logger: 12.1%
[2023-05-28 00:26:44,851] INFO logs.logger: 12.1%
[2023-05-28 00:26:49,860] INFO logs.logger: 13.0%
[2023-05-28 00:26:49,860] INFO logs.logger: 13.0%
[2023-05-28 00:26:49,860] INFO logs.logger: 13.0%
[2023-05-28 00:26:54,868] INFO logs.logger: 13.6%
[2023-05-28 00:26:54,868] INFO logs.logger: 13.6%
[2023-05-28 00:26:54,868] INFO logs.logger: 13.6%
[2023-05-28 00:26:59,878] INFO logs.logger: 11.5%
[2023-05-28 00:26:59,878] INFO logs.logger: 11.5%
[2023-05-28 00:26:59,878] INFO logs.logger: 11.5%
[2023-05-28 00:27:04,894] INFO logs.logger: 11.4%
[2023-05-28 00:27:04,894] INFO logs.logger: 11.4%
[2023-05-28 00:27:04,894] INFO logs.logger: 11.4%
[2023-05-28 00:27:09,903] INFO logs.logger: 12.8%
[2023-05-28 00:27:09,903] INFO logs.logger: 12.8%
[2023-05-28 00:27:09,903] INFO logs.logger: 12.8%
[2023-05-28 00:27:14,913] INFO logs.logger: 8.3%
[2023-05-28 00:27:14,913] INFO logs.logger: 8.3%
[2023-05-28 00:27:14,913] INFO logs.logger: 8.3%
[2023-05-28 00:27:19,924] INFO logs.logger: 9.1%
[2023-05-28 00:27:19,924] INFO logs.logger: 9.1%
[2023-05-28 00:27:19,924] INFO logs.logger: 9.1%
[2023-05-28 00:27:24,937] INFO logs.logger: 11.3%
[2023-05-28 00:27:24,937] INFO logs.logger: 11.3%
[2023-05-28 00:27:24,937] INFO logs.logger: 11.3%
[2023-05-28 00:27:29,945] INFO logs.logger: 15.6%
[2023-05-28 00:27:29,945] INFO logs.logger: 15.6%
[2023-05-28 00:27:29,945] INFO logs.logger: 15.6%
[2023-05-28 00:27:34,953] INFO logs.logger: 12.5%
[2023-05-28 00:27:34,953] INFO logs.logger: 12.5%
[2023-05-28 00:27:34,953] INFO logs.logger: 12.5%
[2023-05-28 00:27:37,482] INFO logs.logger: 16.7%
[2023-05-28 00:27:37,482] INFO logs.logger: 16.7%
[2023-05-28 00:27:37,482] INFO logs.logger: 16.7%
[2023-05-28 00:27:42,493] INFO logs.logger: 19.2%
[2023-05-28 00:27:42,493] INFO logs.logger: 19.2%
[2023-05-28 00:27:42,493] INFO logs.logger: 19.2%
[2023-05-28 00:27:47,512] INFO logs.logger: 12.9%
[2023-05-28 00:27:47,512] INFO logs.logger: 12.9%
[2023-05-28 00:27:47,512] INFO logs.logger: 12.9%
[2023-05-28 00:27:52,524] INFO logs.logger: 11.6%
[2023-05-28 00:27:52,524] INFO logs.logger: 11.6%
[2023-05-28 00:27:52,524] INFO logs.logger: 11.6%
[2023-05-28 00:27:57,532] INFO logs.logger: 8.3%
[2023-05-28 00:27:57,532] INFO logs.logger: 8.3%
[2023-05-28 00:27:57,532] INFO logs.logger: 8.3%
[2023-05-28 00:28:02,546] INFO logs.logger: 16.1%
[2023-05-28 00:28:02,546] INFO logs.logger: 16.1%
[2023-05-28 00:28:02,546] INFO logs.logger: 16.1%
[2023-05-28 00:28:07,555] INFO logs.logger: 16.2%
[2023-05-28 00:28:07,555] INFO logs.logger: 16.2%
[2023-05-28 00:28:07,555] INFO logs.logger: 16.2%
[2023-05-28 00:28:11,074] INFO logs.logger: 33.3%
[2023-05-28 00:28:11,074] INFO logs.logger: 33.3%
[2023-05-28 00:28:11,074] INFO logs.logger: 33.3%
[2023-05-28 00:28:16,085] INFO logs.logger: 20.5%
[2023-05-28 00:28:16,085] INFO logs.logger: 20.5%
[2023-05-28 00:28:16,085] INFO logs.logger: 20.5%
[2023-05-28 00:28:21,094] INFO logs.logger: 8.5%
[2023-05-28 00:28:21,094] INFO logs.logger: 8.5%
[2023-05-28 00:28:21,094] INFO logs.logger: 8.5%
[2023-05-28 00:28:26,103] INFO logs.logger: 19.0%
[2023-05-28 00:28:26,103] INFO logs.logger: 19.0%
[2023-05-28 00:28:26,103] INFO logs.logger: 19.0%
[2023-05-28 00:28:31,115] INFO logs.logger: 9.1%
[2023-05-28 00:28:31,115] INFO logs.logger: 9.1%
[2023-05-28 00:28:31,115] INFO logs.logger: 9.1%
[2023-05-28 00:28:36,123] INFO logs.logger: 6.8%
[2023-05-28 00:28:36,123] INFO logs.logger: 6.8%
[2023-05-28 00:28:36,123] INFO logs.logger: 6.8%
[2023-05-28 00:28:41,135] INFO logs.logger: 6.2%
[2023-05-28 00:28:41,135] INFO logs.logger: 6.2%
[2023-05-28 00:28:41,135] INFO logs.logger: 6.2%
[2023-05-28 00:28:46,142] INFO logs.logger: 9.6%
[2023-05-28 00:28:46,142] INFO logs.logger: 9.6%
[2023-05-28 00:28:46,142] INFO logs.logger: 9.6%
[2023-05-28 00:28:51,158] INFO logs.logger: 6.4%
[2023-05-28 00:28:51,158] INFO logs.logger: 6.4%
[2023-05-28 00:28:51,158] INFO logs.logger: 6.4%
[2023-05-28 00:28:56,169] INFO logs.logger: 16.1%
[2023-05-28 00:28:56,169] INFO logs.logger: 16.1%
[2023-05-28 00:28:56,169] INFO logs.logger: 16.1%
[2023-05-28 00:29:01,184] INFO logs.logger: 10.3%
[2023-05-28 00:29:01,184] INFO logs.logger: 10.3%
[2023-05-28 00:29:01,184] INFO logs.logger: 10.3%
[2023-05-28 00:29:06,193] INFO logs.logger: 10.3%
[2023-05-28 00:29:06,193] INFO logs.logger: 10.3%
[2023-05-28 00:29:06,193] INFO logs.logger: 10.3%
[2023-05-28 00:29:11,203] INFO logs.logger: 7.8%
[2023-05-28 00:29:11,203] INFO logs.logger: 7.8%
[2023-05-28 00:29:11,203] INFO logs.logger: 7.8%
[2023-05-28 00:30:27,667] INFO logs.logger: 16.7%
[2023-05-28 00:30:27,667] INFO logs.logger: 16.7%
[2023-05-28 00:30:27,667] INFO logs.logger: 16.7%
[2023-05-28 00:30:32,678] INFO logs.logger: 18.0%
[2023-05-28 00:30:32,678] INFO logs.logger: 18.0%
[2023-05-28 00:30:32,678] INFO logs.logger: 18.0%
[2023-05-28 00:30:37,690] INFO logs.logger: 6.7%
[2023-05-28 00:30:37,690] INFO logs.logger: 6.7%
[2023-05-28 00:30:37,690] INFO logs.logger: 6.7%
[2023-05-28 00:30:42,700] INFO logs.logger: 9.9%
[2023-05-28 00:30:42,700] INFO logs.logger: 9.9%
[2023-05-28 00:30:42,700] INFO logs.logger: 9.9%
[2023-05-28 00:30:47,708] INFO logs.logger: 16.0%
[2023-05-28 00:30:47,708] INFO logs.logger: 16.0%
[2023-05-28 00:30:47,708] INFO logs.logger: 16.0%
[2023-05-28 00:30:52,716] INFO logs.logger: 15.0%
[2023-05-28 00:30:52,716] INFO logs.logger: 15.0%
[2023-05-28 00:30:52,716] INFO logs.logger: 15.0%
[2023-05-28 00:30:57,725] INFO logs.logger: 14.6%
[2023-05-28 00:30:57,725] INFO logs.logger: 14.6%
[2023-05-28 00:30:57,725] INFO logs.logger: 14.6%
[2023-05-28 00:31:02,743] INFO logs.logger: 13.5%
[2023-05-28 00:31:02,743] INFO logs.logger: 13.5%
[2023-05-28 00:31:02,743] INFO logs.logger: 13.5%
[2023-05-28 00:31:07,753] INFO logs.logger: 11.0%
[2023-05-28 00:31:07,753] INFO logs.logger: 11.0%
[2023-05-28 00:31:07,753] INFO logs.logger: 11.0%
[2023-05-28 00:31:12,763] INFO logs.logger: 9.4%
[2023-05-28 00:31:12,763] INFO logs.logger: 9.4%
[2023-05-28 00:31:12,763] INFO logs.logger: 9.4%
[2023-05-28 00:31:17,772] INFO logs.logger: 8.1%
[2023-05-28 00:31:17,772] INFO logs.logger: 8.1%
[2023-05-28 00:31:17,772] INFO logs.logger: 8.1%
[2023-05-28 00:31:22,787] INFO logs.logger: 11.3%
[2023-05-28 00:31:22,787] INFO logs.logger: 11.3%
[2023-05-28 00:31:22,787] INFO logs.logger: 11.3%
[2023-05-28 00:31:27,801] INFO logs.logger: 11.2%
[2023-05-28 00:31:27,801] INFO logs.logger: 11.2%
[2023-05-28 00:31:27,801] INFO logs.logger: 11.2%
[2023-05-28 00:31:32,809] INFO logs.logger: 11.5%
[2023-05-28 00:31:32,809] INFO logs.logger: 11.5%
[2023-05-28 00:31:32,809] INFO logs.logger: 11.5%
[2023-05-28 00:31:37,829] INFO logs.logger: 11.4%
[2023-05-28 00:31:37,829] INFO logs.logger: 11.4%
[2023-05-28 00:31:37,829] INFO logs.logger: 11.4%
[2023-05-28 00:31:42,841] INFO logs.logger: 11.9%
[2023-05-28 00:31:42,841] INFO logs.logger: 11.9%
[2023-05-28 00:31:42,841] INFO logs.logger: 11.9%
[2023-05-28 00:31:47,857] INFO logs.logger: 10.2%
[2023-05-28 00:31:47,857] INFO logs.logger: 10.2%
[2023-05-28 00:31:47,857] INFO logs.logger: 10.2%
[2023-05-28 00:31:52,875] INFO logs.logger: 9.8%
[2023-05-28 00:31:52,875] INFO logs.logger: 9.8%
[2023-05-28 00:31:52,875] INFO logs.logger: 9.8%
[2023-05-28 00:31:57,885] INFO logs.logger: 9.4%
[2023-05-28 00:31:57,885] INFO logs.logger: 9.4%
[2023-05-28 00:31:57,885] INFO logs.logger: 9.4%
[2023-05-28 00:32:02,894] INFO logs.logger: 9.7%
[2023-05-28 00:32:02,894] INFO logs.logger: 9.7%
[2023-05-28 00:32:02,894] INFO logs.logger: 9.7%
[2023-05-28 00:32:08,660] INFO logs.logger: 33.3%
[2023-05-28 00:32:08,660] INFO logs.logger: 33.3%
[2023-05-28 00:32:08,660] INFO logs.logger: 33.3%
[2023-05-28 00:32:13,670] INFO logs.logger: 17.7%
[2023-05-28 00:32:13,670] INFO logs.logger: 17.7%
[2023-05-28 00:32:13,670] INFO logs.logger: 17.7%
[2023-05-28 00:32:18,678] INFO logs.logger: 13.4%
[2023-05-28 00:32:18,678] INFO logs.logger: 13.4%
[2023-05-28 00:32:18,678] INFO logs.logger: 13.4%
[2023-05-28 00:32:23,688] INFO logs.logger: 24.4%
[2023-05-28 00:32:23,688] INFO logs.logger: 24.4%
[2023-05-28 00:32:23,688] INFO logs.logger: 24.4%
[2023-05-28 00:32:28,698] INFO logs.logger: 6.5%
[2023-05-28 00:32:28,698] INFO logs.logger: 6.5%
[2023-05-28 00:32:28,698] INFO logs.logger: 6.5%
[2023-05-28 00:32:33,709] INFO logs.logger: 4.7%
[2023-05-28 00:32:33,709] INFO logs.logger: 4.7%
[2023-05-28 00:32:33,709] INFO logs.logger: 4.7%
[2023-05-28 00:32:38,720] INFO logs.logger: 18.1%
[2023-05-28 00:32:38,720] INFO logs.logger: 18.1%
[2023-05-28 00:32:38,720] INFO logs.logger: 18.1%
[2023-05-28 00:32:43,731] INFO logs.logger: 15.0%
[2023-05-28 00:32:43,731] INFO logs.logger: 15.0%
[2023-05-28 00:32:43,731] INFO logs.logger: 15.0%
[2023-05-28 00:32:48,748] INFO logs.logger: 17.1%
[2023-05-28 00:32:48,748] INFO logs.logger: 17.1%
[2023-05-28 00:32:48,748] INFO logs.logger: 17.1%
[2023-05-28 00:32:53,757] INFO logs.logger: 19.3%
[2023-05-28 00:32:53,757] INFO logs.logger: 19.3%
[2023-05-28 00:32:53,757] INFO logs.logger: 19.3%
[2023-05-28 00:32:58,765] INFO logs.logger: 19.2%
[2023-05-28 00:32:58,765] INFO logs.logger: 19.2%
[2023-05-28 00:32:58,765] INFO logs.logger: 19.2%
[2023-05-28 00:33:03,775] INFO logs.logger: 12.6%
[2023-05-28 00:33:03,775] INFO logs.logger: 12.6%
[2023-05-28 00:33:03,775] INFO logs.logger: 12.6%
[2023-05-28 00:33:08,783] INFO logs.logger: 12.6%
[2023-05-28 00:33:08,783] INFO logs.logger: 12.6%
[2023-05-28 00:33:08,783] INFO logs.logger: 12.6%
[2023-05-28 00:33:13,800] INFO logs.logger: 12.8%
[2023-05-28 00:33:13,800] INFO logs.logger: 12.8%
[2023-05-28 00:33:13,800] INFO logs.logger: 12.8%
[2023-05-28 00:33:18,809] INFO logs.logger: 13.0%
[2023-05-28 00:33:18,809] INFO logs.logger: 13.0%
[2023-05-28 00:33:18,809] INFO logs.logger: 13.0%
[2023-05-28 00:33:23,829] INFO logs.logger: 9.7%
[2023-05-28 00:33:23,829] INFO logs.logger: 9.7%
[2023-05-28 00:33:23,829] INFO logs.logger: 9.7%
[2023-05-28 00:33:28,837] INFO logs.logger: 10.7%
[2023-05-28 00:33:28,837] INFO logs.logger: 10.7%
[2023-05-28 00:33:28,837] INFO logs.logger: 10.7%
[2023-05-28 00:33:33,853] INFO logs.logger: 11.2%
[2023-05-28 00:33:33,853] INFO logs.logger: 11.2%
[2023-05-28 00:33:33,853] INFO logs.logger: 11.2%
[2023-05-28 00:33:38,862] INFO logs.logger: 10.0%
[2023-05-28 00:33:38,862] INFO logs.logger: 10.0%
[2023-05-28 00:33:38,862] INFO logs.logger: 10.0%
[2023-05-28 00:33:43,872] INFO logs.logger: 13.4%
[2023-05-28 00:33:43,872] INFO logs.logger: 13.4%
[2023-05-28 00:33:43,872] INFO logs.logger: 13.4%
[2023-05-28 00:33:48,885] INFO logs.logger: 16.7%
[2023-05-28 00:33:48,885] INFO logs.logger: 16.7%
[2023-05-28 00:33:48,885] INFO logs.logger: 16.7%
[2023-05-28 00:33:53,895] INFO logs.logger: 15.7%
[2023-05-28 00:33:53,895] INFO logs.logger: 15.7%
[2023-05-28 00:33:53,895] INFO logs.logger: 15.7%
[2023-05-28 00:33:58,903] INFO logs.logger: 12.1%
[2023-05-28 00:33:58,903] INFO logs.logger: 12.1%
[2023-05-28 00:33:58,903] INFO logs.logger: 12.1%
[2023-05-28 00:34:03,923] INFO logs.logger: 12.2%
[2023-05-28 00:34:03,923] INFO logs.logger: 12.2%
[2023-05-28 00:34:03,923] INFO logs.logger: 12.2%
[2023-05-28 00:34:08,936] INFO logs.logger: 11.6%
[2023-05-28 00:34:08,936] INFO logs.logger: 11.6%
[2023-05-28 00:34:08,936] INFO logs.logger: 11.6%
[2023-05-28 00:34:30,011] INFO logs.logger: 16.7%
[2023-05-28 00:34:30,011] INFO logs.logger: 16.7%
[2023-05-28 00:34:30,011] INFO logs.logger: 16.7%
[2023-05-28 00:34:35,021] INFO logs.logger: 13.5%
[2023-05-28 00:34:35,021] INFO logs.logger: 13.5%
[2023-05-28 00:34:35,021] INFO logs.logger: 13.5%
[2023-05-28 00:34:40,030] INFO logs.logger: 8.5%
[2023-05-28 00:34:40,030] INFO logs.logger: 8.5%
[2023-05-28 00:34:40,030] INFO logs.logger: 8.5%
[2023-05-28 00:34:45,039] INFO logs.logger: 12.9%
[2023-05-28 00:34:45,039] INFO logs.logger: 12.9%
[2023-05-28 00:34:45,039] INFO logs.logger: 12.9%
[2023-05-28 00:34:50,054] INFO logs.logger: 5.1%
[2023-05-28 00:34:50,054] INFO logs.logger: 5.1%
[2023-05-28 00:34:50,054] INFO logs.logger: 5.1%
[2023-05-28 00:34:55,072] INFO logs.logger: 2.7%
[2023-05-28 00:34:55,072] INFO logs.logger: 2.7%
[2023-05-28 00:34:55,072] INFO logs.logger: 2.7%
[2023-05-28 00:35:00,092] INFO logs.logger: 3.0%
[2023-05-28 00:35:00,092] INFO logs.logger: 3.0%
[2023-05-28 00:35:00,092] INFO logs.logger: 3.0%
[2023-05-28 00:35:05,104] INFO logs.logger: 2.4%
[2023-05-28 00:35:05,104] INFO logs.logger: 2.4%
[2023-05-28 00:35:05,104] INFO logs.logger: 2.4%
[2023-05-28 00:35:10,117] INFO logs.logger: 3.6%
[2023-05-28 00:35:10,117] INFO logs.logger: 3.6%
[2023-05-28 00:35:10,117] INFO logs.logger: 3.6%
[2023-05-28 00:35:15,137] INFO logs.logger: 4.9%
[2023-05-28 00:35:15,137] INFO logs.logger: 4.9%
[2023-05-28 00:35:15,137] INFO logs.logger: 4.9%
[2023-05-28 00:35:20,154] INFO logs.logger: 3.4%
[2023-05-28 00:35:20,154] INFO logs.logger: 3.4%
[2023-05-28 00:35:20,154] INFO logs.logger: 3.4%
[2023-05-28 00:35:25,170] INFO logs.logger: 2.1%
[2023-05-28 00:35:25,170] INFO logs.logger: 2.1%
[2023-05-28 00:35:25,170] INFO logs.logger: 2.1%
[2023-05-28 00:35:30,183] INFO logs.logger: 2.2%
[2023-05-28 00:35:30,183] INFO logs.logger: 2.2%
[2023-05-28 00:35:30,183] INFO logs.logger: 2.2%
[2023-05-28 00:35:35,197] INFO logs.logger: 1.9%
[2023-05-28 00:35:35,197] INFO logs.logger: 1.9%
[2023-05-28 00:35:35,197] INFO logs.logger: 1.9%
[2023-05-28 00:35:40,206] INFO logs.logger: 3.9%
[2023-05-28 00:35:40,206] INFO logs.logger: 3.9%
[2023-05-28 00:35:40,206] INFO logs.logger: 3.9%
[2023-05-28 00:35:45,218] INFO logs.logger: 2.2%
[2023-05-28 00:35:45,218] INFO logs.logger: 2.2%
[2023-05-28 00:35:45,218] INFO logs.logger: 2.2%
[2023-05-28 00:35:50,229] INFO logs.logger: 5.8%
[2023-05-28 00:35:50,229] INFO logs.logger: 5.8%
[2023-05-28 00:35:50,229] INFO logs.logger: 5.8%
[2023-05-28 09:36:44,744] INFO logs.logger: 16.7%
[2023-05-28 09:36:44,744] INFO logs.logger: 16.7%
[2023-05-28 09:36:44,744] INFO logs.logger: 16.7%
[2023-05-28 09:36:49,756] INFO logs.logger: 25.0%
[2023-05-28 09:36:49,756] INFO logs.logger: 25.0%
[2023-05-28 09:36:49,756] INFO logs.logger: 25.0%
[2023-05-28 09:36:54,770] INFO logs.logger: 12.6%
[2023-05-28 09:36:54,770] INFO logs.logger: 12.6%
[2023-05-28 09:36:54,770] INFO logs.logger: 12.6%
[2023-05-28 09:36:59,782] INFO logs.logger: 7.4%
[2023-05-28 09:36:59,782] INFO logs.logger: 7.4%
[2023-05-28 09:36:59,782] INFO logs.logger: 7.4%
[2023-05-28 09:37:04,802] INFO logs.logger: 8.0%
[2023-05-28 09:37:04,802] INFO logs.logger: 8.0%
[2023-05-28 09:37:04,802] INFO logs.logger: 8.0%
[2023-05-28 09:37:09,810] INFO logs.logger: 6.3%
[2023-05-28 09:37:09,810] INFO logs.logger: 6.3%
[2023-05-28 09:37:09,810] INFO logs.logger: 6.3%
[2023-05-28 09:37:14,819] INFO logs.logger: 14.7%
[2023-05-28 09:37:14,819] INFO logs.logger: 14.7%
[2023-05-28 09:37:14,819] INFO logs.logger: 14.7%
[2023-05-28 09:37:19,829] INFO logs.logger: 10.0%
[2023-05-28 09:37:19,829] INFO logs.logger: 10.0%
[2023-05-28 09:37:19,829] INFO logs.logger: 10.0%
[2023-05-28 09:37:24,842] INFO logs.logger: 11.9%
[2023-05-28 09:37:24,842] INFO logs.logger: 11.9%
[2023-05-28 09:37:24,842] INFO logs.logger: 11.9%
[2023-05-28 09:37:29,851] INFO logs.logger: 12.2%
[2023-05-28 09:37:29,851] INFO logs.logger: 12.2%
[2023-05-28 09:37:29,851] INFO logs.logger: 12.2%
[2023-05-28 09:37:34,860] INFO logs.logger: 9.2%
[2023-05-28 09:37:34,860] INFO logs.logger: 9.2%
[2023-05-28 09:37:34,860] INFO logs.logger: 9.2%
[2023-05-28 09:37:39,875] INFO logs.logger: 10.6%
[2023-05-28 09:37:39,875] INFO logs.logger: 10.6%
[2023-05-28 09:37:39,875] INFO logs.logger: 10.6%
[2023-05-28 09:37:44,888] INFO logs.logger: 7.9%
[2023-05-28 09:37:44,888] INFO logs.logger: 7.9%
[2023-05-28 09:37:44,888] INFO logs.logger: 7.9%
[2023-05-28 09:37:49,906] INFO logs.logger: 6.8%
[2023-05-28 09:37:49,906] INFO logs.logger: 6.8%
[2023-05-28 09:37:49,906] INFO logs.logger: 6.8%
[2023-05-28 09:37:54,914] INFO logs.logger: 8.6%
[2023-05-28 09:37:54,914] INFO logs.logger: 8.6%
[2023-05-28 09:37:54,914] INFO logs.logger: 8.6%
[2023-05-28 09:37:59,925] INFO logs.logger: 10.3%
[2023-05-28 09:37:59,925] INFO logs.logger: 10.3%
[2023-05-28 09:37:59,925] INFO logs.logger: 10.3%
[2023-05-28 09:38:04,937] INFO logs.logger: 14.5%
[2023-05-28 09:38:04,937] INFO logs.logger: 14.5%
[2023-05-28 09:38:04,937] INFO logs.logger: 14.5%
[2023-05-28 09:38:06,630] INFO logs.logger: 33.3%
[2023-05-28 09:38:06,630] INFO logs.logger: 33.3%
[2023-05-28 09:38:06,630] INFO logs.logger: 33.3%
[2023-05-28 09:38:11,642] INFO logs.logger: 8.9%
[2023-05-28 09:38:11,642] INFO logs.logger: 8.9%
[2023-05-28 09:38:11,642] INFO logs.logger: 8.9%
[2023-05-28 09:38:16,651] INFO logs.logger: 5.0%
[2023-05-28 09:38:16,651] INFO logs.logger: 5.0%
[2023-05-28 09:38:16,651] INFO logs.logger: 5.0%
[2023-05-28 09:38:21,668] INFO logs.logger: 18.4%
[2023-05-28 09:38:21,668] INFO logs.logger: 18.4%
[2023-05-28 09:38:21,668] INFO logs.logger: 18.4%
[2023-05-28 09:38:26,676] INFO logs.logger: 9.3%
[2023-05-28 09:38:26,676] INFO logs.logger: 9.3%
[2023-05-28 09:38:26,676] INFO logs.logger: 9.3%
[2023-05-28 09:38:31,690] INFO logs.logger: 14.8%
[2023-05-28 09:38:31,690] INFO logs.logger: 14.8%
[2023-05-28 09:38:31,690] INFO logs.logger: 14.8%
[2023-05-28 09:38:36,700] INFO logs.logger: 9.6%
[2023-05-28 09:38:36,700] INFO logs.logger: 9.6%
[2023-05-28 09:38:36,700] INFO logs.logger: 9.6%
[2023-05-28 09:38:46,186] INFO logs.logger: 16.7%
[2023-05-28 09:38:46,186] INFO logs.logger: 16.7%
[2023-05-28 09:38:46,186] INFO logs.logger: 16.7%
[2023-05-28 09:38:51,197] INFO logs.logger: 22.2%
[2023-05-28 09:38:51,197] INFO logs.logger: 22.2%
[2023-05-28 09:38:51,197] INFO logs.logger: 22.2%
[2023-05-28 09:38:56,205] INFO logs.logger: 7.1%
[2023-05-28 09:38:56,205] INFO logs.logger: 7.1%
[2023-05-28 09:38:56,205] INFO logs.logger: 7.1%
[2023-05-28 09:39:01,226] INFO logs.logger: 7.0%
[2023-05-28 09:39:01,226] INFO logs.logger: 7.0%
[2023-05-28 09:39:01,226] INFO logs.logger: 7.0%
[2023-05-28 09:39:06,244] INFO logs.logger: 11.7%
[2023-05-28 09:39:06,244] INFO logs.logger: 11.7%
[2023-05-28 09:39:06,244] INFO logs.logger: 11.7%
[2023-05-28 09:39:11,265] INFO logs.logger: 9.5%
[2023-05-28 09:39:11,265] INFO logs.logger: 9.5%
[2023-05-28 09:39:11,265] INFO logs.logger: 9.5%
[2023-05-28 09:39:16,277] INFO logs.logger: 11.1%
[2023-05-28 09:39:16,277] INFO logs.logger: 11.1%
[2023-05-28 09:39:16,277] INFO logs.logger: 11.1%
[2023-05-28 09:39:21,288] INFO logs.logger: 5.5%
[2023-05-28 09:39:21,288] INFO logs.logger: 5.5%
[2023-05-28 09:39:21,288] INFO logs.logger: 5.5%
[2023-05-28 09:39:26,296] INFO logs.logger: 17.5%
[2023-05-28 09:39:26,296] INFO logs.logger: 17.5%
[2023-05-28 09:39:26,296] INFO logs.logger: 17.5%
[2023-05-28 09:39:31,308] INFO logs.logger: 9.1%
[2023-05-28 09:39:31,308] INFO logs.logger: 9.1%
[2023-05-28 09:39:31,308] INFO logs.logger: 9.1%
[2023-05-28 09:39:36,321] INFO logs.logger: 5.2%
[2023-05-28 09:39:36,321] INFO logs.logger: 5.2%
[2023-05-28 09:39:36,321] INFO logs.logger: 5.2%
[2023-05-28 09:39:41,333] INFO logs.logger: 4.2%
[2023-05-28 09:39:41,333] INFO logs.logger: 4.2%
[2023-05-28 09:39:41,333] INFO logs.logger: 4.2%
[2023-05-28 09:39:46,343] INFO logs.logger: 5.7%
[2023-05-28 09:39:46,343] INFO logs.logger: 5.7%
[2023-05-28 09:39:46,343] INFO logs.logger: 5.7%
[2023-05-28 09:39:51,353] INFO logs.logger: 12.8%
[2023-05-28 09:39:51,353] INFO logs.logger: 12.8%
[2023-05-28 09:39:51,353] INFO logs.logger: 12.8%
[2023-05-28 09:39:56,361] INFO logs.logger: 18.4%
[2023-05-28 09:39:56,361] INFO logs.logger: 18.4%
[2023-05-28 09:39:56,361] INFO logs.logger: 18.4%
[2023-05-28 09:40:01,370] INFO logs.logger: 22.3%
[2023-05-28 09:40:01,370] INFO logs.logger: 22.3%
[2023-05-28 09:40:01,370] INFO logs.logger: 22.3%
[2023-05-28 09:40:03,250] INFO logs.logger: 0.0%
[2023-05-28 09:40:03,250] INFO logs.logger: 0.0%
[2023-05-28 09:40:03,250] INFO logs.logger: 0.0%
[2023-05-28 09:40:08,260] INFO logs.logger: 23.4%
[2023-05-28 09:40:08,260] INFO logs.logger: 23.4%
[2023-05-28 09:40:08,260] INFO logs.logger: 23.4%
[2023-05-28 09:40:13,267] INFO logs.logger: 16.3%
[2023-05-28 09:40:13,267] INFO logs.logger: 16.3%
[2023-05-28 09:40:13,267] INFO logs.logger: 16.3%
[2023-05-28 09:40:18,277] INFO logs.logger: 8.4%
[2023-05-28 09:40:18,277] INFO logs.logger: 8.4%
[2023-05-28 09:40:18,277] INFO logs.logger: 8.4%
[2023-05-28 09:40:23,289] INFO logs.logger: 12.8%
[2023-05-28 09:40:23,289] INFO logs.logger: 12.8%
[2023-05-28 09:40:23,289] INFO logs.logger: 12.8%
[2023-05-28 09:40:28,299] INFO logs.logger: 11.6%
[2023-05-28 09:40:28,299] INFO logs.logger: 11.6%
[2023-05-28 09:40:28,299] INFO logs.logger: 11.6%
[2023-05-28 09:40:33,309] INFO logs.logger: 14.6%
[2023-05-28 09:40:33,309] INFO logs.logger: 14.6%
[2023-05-28 09:40:33,309] INFO logs.logger: 14.6%
[2023-05-28 09:40:36,430] INFO logs.logger: 33.3%
[2023-05-28 09:40:36,430] INFO logs.logger: 33.3%
[2023-05-28 09:40:36,430] INFO logs.logger: 33.3%
[2023-05-28 09:40:41,440] INFO logs.logger: 19.2%
[2023-05-28 09:40:41,440] INFO logs.logger: 19.2%
[2023-05-28 09:40:41,440] INFO logs.logger: 19.2%
[2023-05-28 09:40:46,448] INFO logs.logger: 8.9%
[2023-05-28 09:40:46,448] INFO logs.logger: 8.9%
[2023-05-28 09:40:46,448] INFO logs.logger: 8.9%
[2023-05-28 09:40:51,465] INFO logs.logger: 12.5%
[2023-05-28 09:40:51,465] INFO logs.logger: 12.5%
[2023-05-28 09:40:51,465] INFO logs.logger: 12.5%
[2023-05-28 09:40:56,480] INFO logs.logger: 9.7%
[2023-05-28 09:40:56,480] INFO logs.logger: 9.7%
[2023-05-28 09:40:56,480] INFO logs.logger: 9.7%
[2023-05-28 09:41:01,492] INFO logs.logger: 14.7%
[2023-05-28 09:41:01,492] INFO logs.logger: 14.7%
[2023-05-28 09:41:01,492] INFO logs.logger: 14.7%
[2023-05-28 09:41:06,501] INFO logs.logger: 12.0%
[2023-05-28 09:41:06,501] INFO logs.logger: 12.0%
[2023-05-28 09:41:06,501] INFO logs.logger: 12.0%
[2023-05-28 09:41:11,513] INFO logs.logger: 15.7%
[2023-05-28 09:41:11,513] INFO logs.logger: 15.7%
[2023-05-28 09:41:11,513] INFO logs.logger: 15.7%
[2023-05-28 09:41:16,526] INFO logs.logger: 12.0%
[2023-05-28 09:41:16,526] INFO logs.logger: 12.0%
[2023-05-28 09:41:16,526] INFO logs.logger: 12.0%
[2023-05-28 09:41:21,541] INFO logs.logger: 10.2%
[2023-05-28 09:41:21,541] INFO logs.logger: 10.2%
[2023-05-28 09:41:21,541] INFO logs.logger: 10.2%
[2023-05-28 09:41:26,553] INFO logs.logger: 5.5%
[2023-05-28 09:41:26,553] INFO logs.logger: 5.5%
[2023-05-28 09:41:26,553] INFO logs.logger: 5.5%
[2023-05-28 09:41:31,573] INFO logs.logger: 5.0%
[2023-05-28 09:41:31,573] INFO logs.logger: 5.0%
[2023-05-28 09:41:31,573] INFO logs.logger: 5.0%
[2023-05-28 09:41:36,582] INFO logs.logger: 4.7%
[2023-05-28 09:41:36,582] INFO logs.logger: 4.7%
[2023-05-28 09:41:36,582] INFO logs.logger: 4.7%
[2023-05-28 09:41:40,499] INFO logs.logger: 0.0%
[2023-05-28 09:41:40,499] INFO logs.logger: 0.0%
[2023-05-28 09:41:40,499] INFO logs.logger: 0.0%
[2023-05-28 09:41:45,508] INFO logs.logger: 9.5%
[2023-05-28 09:41:45,508] INFO logs.logger: 9.5%
[2023-05-28 09:41:45,508] INFO logs.logger: 9.5%
[2023-05-28 09:41:50,520] INFO logs.logger: 8.7%
[2023-05-28 09:41:50,520] INFO logs.logger: 8.7%
[2023-05-28 09:41:50,520] INFO logs.logger: 8.7%
[2023-05-28 09:41:55,538] INFO logs.logger: 9.4%
[2023-05-28 09:41:55,538] INFO logs.logger: 9.4%
[2023-05-28 09:41:55,538] INFO logs.logger: 9.4%
[2023-05-28 09:42:00,559] INFO logs.logger: 15.1%
[2023-05-28 09:42:00,559] INFO logs.logger: 15.1%
[2023-05-28 09:42:00,559] INFO logs.logger: 15.1%
[2023-05-28 09:42:05,573] INFO logs.logger: 7.7%
[2023-05-28 09:42:05,573] INFO logs.logger: 7.7%
[2023-05-28 09:42:05,573] INFO logs.logger: 7.7%
[2023-05-28 09:42:08,899] INFO logs.logger: 16.7%
[2023-05-28 09:42:08,899] INFO logs.logger: 16.7%
[2023-05-28 09:42:08,899] INFO logs.logger: 16.7%
[2023-05-28 09:42:13,908] INFO logs.logger: 14.6%
[2023-05-28 09:42:13,908] INFO logs.logger: 14.6%
[2023-05-28 09:42:13,908] INFO logs.logger: 14.6%
[2023-05-28 09:42:18,918] INFO logs.logger: 8.4%
[2023-05-28 09:42:18,918] INFO logs.logger: 8.4%
[2023-05-28 09:42:18,918] INFO logs.logger: 8.4%
[2023-05-28 09:42:23,931] INFO logs.logger: 10.2%
[2023-05-28 09:42:23,931] INFO logs.logger: 10.2%
[2023-05-28 09:42:23,931] INFO logs.logger: 10.2%
[2023-05-28 09:42:28,940] INFO logs.logger: 10.2%
[2023-05-28 09:42:28,940] INFO logs.logger: 10.2%
[2023-05-28 09:42:28,940] INFO logs.logger: 10.2%
[2023-05-28 09:42:33,949] INFO logs.logger: 10.8%
[2023-05-28 09:42:33,949] INFO logs.logger: 10.8%
[2023-05-28 09:42:33,949] INFO logs.logger: 10.8%
[2023-05-28 09:42:38,960] INFO logs.logger: 10.2%
[2023-05-28 09:42:38,960] INFO logs.logger: 10.2%
[2023-05-28 09:42:38,960] INFO logs.logger: 10.2%
[2023-05-28 09:42:43,968] INFO logs.logger: 10.5%
[2023-05-28 09:42:43,968] INFO logs.logger: 10.5%
[2023-05-28 09:42:43,968] INFO logs.logger: 10.5%
[2023-05-28 09:42:48,977] INFO logs.logger: 9.0%
[2023-05-28 09:42:48,977] INFO logs.logger: 9.0%
[2023-05-28 09:42:48,977] INFO logs.logger: 9.0%
[2023-05-28 09:42:53,991] INFO logs.logger: 9.8%
[2023-05-28 09:42:53,991] INFO logs.logger: 9.8%
[2023-05-28 09:42:53,991] INFO logs.logger: 9.8%
[2023-05-28 09:42:59,001] INFO logs.logger: 8.1%
[2023-05-28 09:42:59,001] INFO logs.logger: 8.1%
[2023-05-28 09:42:59,001] INFO logs.logger: 8.1%
[2023-05-28 09:43:04,021] INFO logs.logger: 8.7%
[2023-05-28 09:43:04,021] INFO logs.logger: 8.7%
[2023-05-28 09:43:04,021] INFO logs.logger: 8.7%
[2023-05-28 09:43:09,038] INFO logs.logger: 11.8%
[2023-05-28 09:43:09,038] INFO logs.logger: 11.8%
[2023-05-28 09:43:09,038] INFO logs.logger: 11.8%
[2023-05-28 09:43:14,054] INFO logs.logger: 13.0%
[2023-05-28 09:43:14,054] INFO logs.logger: 13.0%
[2023-05-28 09:43:14,054] INFO logs.logger: 13.0%
[2023-05-28 09:43:19,063] INFO logs.logger: 8.7%
[2023-05-28 09:43:19,063] INFO logs.logger: 8.7%
[2023-05-28 09:43:19,063] INFO logs.logger: 8.7%
[2023-05-28 09:43:24,076] INFO logs.logger: 14.5%
[2023-05-28 09:43:24,076] INFO logs.logger: 14.5%
[2023-05-28 09:43:24,076] INFO logs.logger: 14.5%
[2023-05-28 09:43:29,088] INFO logs.logger: 14.1%
[2023-05-28 09:43:29,088] INFO logs.logger: 14.1%
[2023-05-28 09:43:29,088] INFO logs.logger: 14.1%
[2023-05-28 09:43:32,640] INFO logs.logger: 0.0%
[2023-05-28 09:43:32,640] INFO logs.logger: 0.0%
[2023-05-28 09:43:32,640] INFO logs.logger: 0.0%
[2023-05-28 09:43:37,649] INFO logs.logger: 15.6%
[2023-05-28 09:43:37,649] INFO logs.logger: 15.6%
[2023-05-28 09:43:37,649] INFO logs.logger: 15.6%
[2023-05-28 09:43:42,661] INFO logs.logger: 16.9%
[2023-05-28 09:43:42,661] INFO logs.logger: 16.9%
[2023-05-28 09:43:42,661] INFO logs.logger: 16.9%
[2023-05-28 09:43:47,669] INFO logs.logger: 13.5%
[2023-05-28 09:43:47,669] INFO logs.logger: 13.5%
[2023-05-28 09:43:47,669] INFO logs.logger: 13.5%
[2023-05-28 09:43:52,688] INFO logs.logger: 8.5%
[2023-05-28 09:43:52,688] INFO logs.logger: 8.5%
[2023-05-28 09:43:52,688] INFO logs.logger: 8.5%
[2023-05-28 09:43:57,697] INFO logs.logger: 13.5%
[2023-05-28 09:43:57,697] INFO logs.logger: 13.5%
[2023-05-28 09:43:57,697] INFO logs.logger: 13.5%
[2023-05-28 09:44:02,706] INFO logs.logger: 4.7%
[2023-05-28 09:44:02,706] INFO logs.logger: 4.7%
[2023-05-28 09:44:02,706] INFO logs.logger: 4.7%
[2023-05-28 09:44:07,717] INFO logs.logger: 5.1%
[2023-05-28 09:44:07,717] INFO logs.logger: 5.1%
[2023-05-28 09:44:07,717] INFO logs.logger: 5.1%
[2023-05-28 09:44:12,734] INFO logs.logger: 5.0%
[2023-05-28 09:44:12,734] INFO logs.logger: 5.0%
[2023-05-28 09:44:12,734] INFO logs.logger: 5.0%
[2023-05-28 09:44:17,752] INFO logs.logger: 4.8%
[2023-05-28 09:44:17,752] INFO logs.logger: 4.8%
[2023-05-28 09:44:17,752] INFO logs.logger: 4.8%
[2023-05-28 09:44:22,762] INFO logs.logger: 5.0%
[2023-05-28 09:44:22,762] INFO logs.logger: 5.0%
[2023-05-28 09:44:22,762] INFO logs.logger: 5.0%
[2023-05-28 09:44:27,771] INFO logs.logger: 9.6%
[2023-05-28 09:44:27,771] INFO logs.logger: 9.6%
[2023-05-28 09:44:27,771] INFO logs.logger: 9.6%
[2023-05-28 09:44:32,781] INFO logs.logger: 10.9%
[2023-05-28 09:44:32,781] INFO logs.logger: 10.9%
[2023-05-28 09:44:32,781] INFO logs.logger: 10.9%
[2023-05-28 09:44:37,791] INFO logs.logger: 12.8%
[2023-05-28 09:44:37,791] INFO logs.logger: 12.8%
[2023-05-28 09:44:37,791] INFO logs.logger: 12.8%
[2023-05-28 09:44:42,798] INFO logs.logger: 14.8%
[2023-05-28 09:44:42,798] INFO logs.logger: 14.8%
[2023-05-28 09:44:42,798] INFO logs.logger: 14.8%
[2023-05-28 09:44:47,807] INFO logs.logger: 16.0%
[2023-05-28 09:44:47,807] INFO logs.logger: 16.0%
[2023-05-28 09:44:47,807] INFO logs.logger: 16.0%
[2023-05-28 09:44:52,816] INFO logs.logger: 11.9%
[2023-05-28 09:44:52,816] INFO logs.logger: 11.9%
[2023-05-28 09:44:52,816] INFO logs.logger: 11.9%
[2023-05-28 09:44:57,824] INFO logs.logger: 4.0%
[2023-05-28 09:44:57,824] INFO logs.logger: 4.0%
[2023-05-28 09:44:57,824] INFO logs.logger: 4.0%
[2023-05-28 09:45:02,844] INFO logs.logger: 4.2%
[2023-05-28 09:45:02,844] INFO logs.logger: 4.2%
[2023-05-28 09:45:02,844] INFO logs.logger: 4.2%
[2023-05-28 09:45:07,854] INFO logs.logger: 2.5%
[2023-05-28 09:45:07,854] INFO logs.logger: 2.5%
[2023-05-28 09:45:07,854] INFO logs.logger: 2.5%
[2023-05-28 09:45:12,866] INFO logs.logger: 5.6%
[2023-05-28 09:45:12,866] INFO logs.logger: 5.6%
[2023-05-28 09:45:12,866] INFO logs.logger: 5.6%
[2023-05-28 09:45:17,882] INFO logs.logger: 8.2%
[2023-05-28 09:45:17,882] INFO logs.logger: 8.2%
[2023-05-28 09:45:17,882] INFO logs.logger: 8.2%
[2023-05-28 09:45:22,902] INFO logs.logger: 13.8%
[2023-05-28 09:45:22,902] INFO logs.logger: 13.8%
[2023-05-28 09:45:22,902] INFO logs.logger: 13.8%
[2023-05-28 09:45:27,917] INFO logs.logger: 12.3%
[2023-05-28 09:45:27,917] INFO logs.logger: 12.3%
[2023-05-28 09:45:27,917] INFO logs.logger: 12.3%
[2023-05-28 09:45:32,927] INFO logs.logger: 12.8%
[2023-05-28 09:45:32,927] INFO logs.logger: 12.8%
[2023-05-28 09:45:32,927] INFO logs.logger: 12.8%
[2023-05-28 09:45:37,942] INFO logs.logger: 9.2%
[2023-05-28 09:45:37,942] INFO logs.logger: 9.2%
[2023-05-28 09:45:37,942] INFO logs.logger: 9.2%
[2023-05-28 09:45:43,650] INFO logs.logger: 33.3%
[2023-05-28 09:45:43,650] INFO logs.logger: 33.3%
[2023-05-28 09:45:43,650] INFO logs.logger: 33.3%
[2023-05-28 09:45:48,662] INFO logs.logger: 15.8%
[2023-05-28 09:45:48,662] INFO logs.logger: 15.8%
[2023-05-28 09:45:48,662] INFO logs.logger: 15.8%
[2023-05-28 09:45:53,674] INFO logs.logger: 11.3%
[2023-05-28 09:45:53,674] INFO logs.logger: 11.3%
[2023-05-28 09:45:53,674] INFO logs.logger: 11.3%
[2023-05-28 09:45:58,693] INFO logs.logger: 8.4%
[2023-05-28 09:45:58,693] INFO logs.logger: 8.4%
[2023-05-28 09:45:58,693] INFO logs.logger: 8.4%
[2023-05-28 09:46:02,693] INFO logs.logger: 16.7%
[2023-05-28 09:46:02,693] INFO logs.logger: 16.7%
[2023-05-28 09:46:02,693] INFO logs.logger: 16.7%
[2023-05-28 09:46:07,702] INFO logs.logger: 15.1%
[2023-05-28 09:46:07,702] INFO logs.logger: 15.1%
[2023-05-28 09:46:07,702] INFO logs.logger: 15.1%
[2023-05-28 09:46:12,715] INFO logs.logger: 11.2%
[2023-05-28 09:46:12,715] INFO logs.logger: 11.2%
[2023-05-28 09:46:12,715] INFO logs.logger: 11.2%
[2023-05-28 09:46:17,728] INFO logs.logger: 5.0%
[2023-05-28 09:46:17,728] INFO logs.logger: 5.0%
[2023-05-28 09:46:17,728] INFO logs.logger: 5.0%
[2023-05-28 09:46:22,741] INFO logs.logger: 4.6%
[2023-05-28 09:46:22,741] INFO logs.logger: 4.6%
[2023-05-28 09:46:22,741] INFO logs.logger: 4.6%
[2023-05-28 09:46:27,755] INFO logs.logger: 12.9%
[2023-05-28 09:46:27,755] INFO logs.logger: 12.9%
[2023-05-28 09:46:27,755] INFO logs.logger: 12.9%
[2023-05-28 09:46:32,770] INFO logs.logger: 13.3%
[2023-05-28 09:46:32,770] INFO logs.logger: 13.3%
[2023-05-28 09:46:32,770] INFO logs.logger: 13.3%
[2023-05-28 09:46:37,787] INFO logs.logger: 9.6%
[2023-05-28 09:46:37,787] INFO logs.logger: 9.6%
[2023-05-28 09:46:37,787] INFO logs.logger: 9.6%
[2023-05-28 09:46:42,807] INFO logs.logger: 16.3%
[2023-05-28 09:46:42,807] INFO logs.logger: 16.3%
[2023-05-28 09:46:42,807] INFO logs.logger: 16.3%
[2023-05-28 09:46:47,825] INFO logs.logger: 8.7%
[2023-05-28 09:46:47,825] INFO logs.logger: 8.7%
[2023-05-28 09:46:47,825] INFO logs.logger: 8.7%
[2023-05-28 09:46:52,843] INFO logs.logger: 4.8%
[2023-05-28 09:46:52,843] INFO logs.logger: 4.8%
[2023-05-28 09:46:52,843] INFO logs.logger: 4.8%
[2023-05-28 09:46:57,852] INFO logs.logger: 9.5%
[2023-05-28 09:46:57,852] INFO logs.logger: 9.5%
[2023-05-28 09:46:57,852] INFO logs.logger: 9.5%
[2023-05-28 09:47:02,864] INFO logs.logger: 2.5%
[2023-05-28 09:47:02,864] INFO logs.logger: 2.5%
[2023-05-28 09:47:02,864] INFO logs.logger: 2.5%
[2023-05-28 09:47:07,880] INFO logs.logger: 2.3%
[2023-05-28 09:47:07,880] INFO logs.logger: 2.3%
[2023-05-28 09:47:07,880] INFO logs.logger: 2.3%
[2023-05-28 09:47:12,894] INFO logs.logger: 3.2%
[2023-05-28 09:47:12,894] INFO logs.logger: 3.2%
[2023-05-28 09:47:12,894] INFO logs.logger: 3.2%
[2023-05-28 09:47:17,906] INFO logs.logger: 9.3%
[2023-05-28 09:47:17,906] INFO logs.logger: 9.3%
[2023-05-28 09:47:17,906] INFO logs.logger: 9.3%
[2023-05-28 09:47:22,926] INFO logs.logger: 10.6%
[2023-05-28 09:47:22,926] INFO logs.logger: 10.6%
[2023-05-28 09:47:22,926] INFO logs.logger: 10.6%
[2023-05-28 09:47:27,940] INFO logs.logger: 12.3%
[2023-05-28 09:47:27,940] INFO logs.logger: 12.3%
[2023-05-28 09:47:27,940] INFO logs.logger: 12.3%
[2023-05-28 09:47:32,951] INFO logs.logger: 10.5%
[2023-05-28 09:47:32,951] INFO logs.logger: 10.5%
[2023-05-28 09:47:32,951] INFO logs.logger: 10.5%
[2023-05-28 09:47:37,961] INFO logs.logger: 11.1%
[2023-05-28 09:47:37,961] INFO logs.logger: 11.1%
[2023-05-28 09:47:37,961] INFO logs.logger: 11.1%
[2023-05-28 09:47:42,971] INFO logs.logger: 11.6%
[2023-05-28 09:47:42,971] INFO logs.logger: 11.6%
[2023-05-28 09:47:42,971] INFO logs.logger: 11.6%
[2023-05-28 09:47:47,985] INFO logs.logger: 9.1%
[2023-05-28 09:47:47,985] INFO logs.logger: 9.1%
[2023-05-28 09:47:47,985] INFO logs.logger: 9.1%
[2023-05-28 09:47:52,994] INFO logs.logger: 15.6%
[2023-05-28 09:47:52,994] INFO logs.logger: 15.6%
[2023-05-28 09:47:52,994] INFO logs.logger: 15.6%
[2023-05-28 09:47:58,002] INFO logs.logger: 10.1%
[2023-05-28 09:47:58,002] INFO logs.logger: 10.1%
[2023-05-28 09:47:58,002] INFO logs.logger: 10.1%
[2023-05-28 09:48:02,573] INFO logs.logger: 16.7%
[2023-05-28 09:48:02,573] INFO logs.logger: 16.7%
[2023-05-28 09:48:02,573] INFO logs.logger: 16.7%
[2023-05-28 09:48:07,581] INFO logs.logger: 15.7%
[2023-05-28 09:48:07,581] INFO logs.logger: 15.7%
[2023-05-28 09:48:07,581] INFO logs.logger: 15.7%
[2023-05-28 09:48:12,600] INFO logs.logger: 12.1%
[2023-05-28 09:48:12,600] INFO logs.logger: 12.1%
[2023-05-28 09:48:12,600] INFO logs.logger: 12.1%
[2023-05-28 09:48:17,609] INFO logs.logger: 10.8%
[2023-05-28 09:48:17,609] INFO logs.logger: 10.8%
[2023-05-28 09:48:17,609] INFO logs.logger: 10.8%
[2023-05-28 09:48:22,617] INFO logs.logger: 13.1%
[2023-05-28 09:48:22,617] INFO logs.logger: 13.1%
[2023-05-28 09:48:22,617] INFO logs.logger: 13.1%
[2023-05-28 09:48:27,629] INFO logs.logger: 9.3%
[2023-05-28 09:48:27,629] INFO logs.logger: 9.3%
[2023-05-28 09:48:27,629] INFO logs.logger: 9.3%
[2023-05-28 09:48:32,638] INFO logs.logger: 16.1%
[2023-05-28 09:48:32,638] INFO logs.logger: 16.1%
[2023-05-28 09:48:32,638] INFO logs.logger: 16.1%
[2023-05-28 09:48:37,646] INFO logs.logger: 15.5%
[2023-05-28 09:48:37,646] INFO logs.logger: 15.5%
[2023-05-28 09:48:37,646] INFO logs.logger: 15.5%
[2023-05-28 09:48:42,654] INFO logs.logger: 11.7%
[2023-05-28 09:48:42,654] INFO logs.logger: 11.7%
[2023-05-28 09:48:42,654] INFO logs.logger: 11.7%
[2023-05-28 09:48:47,662] INFO logs.logger: 4.1%
[2023-05-28 09:48:47,662] INFO logs.logger: 4.1%
[2023-05-28 09:48:47,662] INFO logs.logger: 4.1%
[2023-05-28 09:48:52,670] INFO logs.logger: 4.4%
[2023-05-28 09:48:52,670] INFO logs.logger: 4.4%
[2023-05-28 09:48:52,670] INFO logs.logger: 4.4%
[2023-05-28 09:48:57,680] INFO logs.logger: 6.2%
[2023-05-28 09:48:57,680] INFO logs.logger: 6.2%
[2023-05-28 09:48:57,680] INFO logs.logger: 6.2%
[2023-05-28 09:49:02,695] INFO logs.logger: 2.4%
[2023-05-28 09:49:02,695] INFO logs.logger: 2.4%
[2023-05-28 09:49:02,695] INFO logs.logger: 2.4%
[2023-05-28 09:49:07,715] INFO logs.logger: 2.5%
[2023-05-28 09:49:07,715] INFO logs.logger: 2.5%
[2023-05-28 09:49:07,715] INFO logs.logger: 2.5%
[2023-05-28 09:49:12,726] INFO logs.logger: 4.2%
[2023-05-28 09:49:12,726] INFO logs.logger: 4.2%
[2023-05-28 09:49:12,726] INFO logs.logger: 4.2%
[2023-05-28 09:49:17,743] INFO logs.logger: 6.3%
[2023-05-28 09:49:17,743] INFO logs.logger: 6.3%
[2023-05-28 09:49:17,743] INFO logs.logger: 6.3%
[2023-05-28 09:49:22,773] INFO logs.logger: 18.5%
[2023-05-28 09:49:22,773] INFO logs.logger: 18.5%
[2023-05-28 09:49:22,773] INFO logs.logger: 18.5%
[2023-05-28 09:49:27,790] INFO logs.logger: 4.6%
[2023-05-28 09:49:27,790] INFO logs.logger: 4.6%
[2023-05-28 09:49:27,790] INFO logs.logger: 4.6%
[2023-05-28 09:49:32,810] INFO logs.logger: 5.3%
[2023-05-28 09:49:32,810] INFO logs.logger: 5.3%
[2023-05-28 09:49:32,810] INFO logs.logger: 5.3%
[2023-05-28 09:49:37,821] INFO logs.logger: 9.4%
[2023-05-28 09:49:37,821] INFO logs.logger: 9.4%
[2023-05-28 09:49:37,821] INFO logs.logger: 9.4%
[2023-05-28 09:49:42,830] INFO logs.logger: 12.1%
[2023-05-28 09:49:42,830] INFO logs.logger: 12.1%
[2023-05-28 09:49:42,830] INFO logs.logger: 12.1%
[2023-05-28 09:49:47,839] INFO logs.logger: 11.0%
[2023-05-28 09:49:47,839] INFO logs.logger: 11.0%
[2023-05-28 09:49:47,839] INFO logs.logger: 11.0%
[2023-05-28 09:49:52,848] INFO logs.logger: 10.9%
[2023-05-28 09:49:52,848] INFO logs.logger: 10.9%
[2023-05-28 09:49:52,848] INFO logs.logger: 10.9%
[2023-05-28 09:49:57,857] INFO logs.logger: 8.2%
[2023-05-28 09:49:57,857] INFO logs.logger: 8.2%
[2023-05-28 09:49:57,857] INFO logs.logger: 8.2%
[2023-05-28 09:50:02,870] INFO logs.logger: 6.6%
[2023-05-28 09:50:02,870] INFO logs.logger: 6.6%
[2023-05-28 09:50:02,870] INFO logs.logger: 6.6%
[2023-05-28 09:50:07,887] INFO logs.logger: 8.9%
[2023-05-28 09:50:07,887] INFO logs.logger: 8.9%
[2023-05-28 09:50:07,887] INFO logs.logger: 8.9%
[2023-05-28 09:50:12,896] INFO logs.logger: 11.7%
[2023-05-28 09:50:12,896] INFO logs.logger: 11.7%
[2023-05-28 09:50:12,896] INFO logs.logger: 11.7%
[2023-05-28 09:50:17,915] INFO logs.logger: 9.0%
[2023-05-28 09:50:17,915] INFO logs.logger: 9.0%
[2023-05-28 09:50:17,915] INFO logs.logger: 9.0%
[2023-05-28 09:50:22,936] INFO logs.logger: 11.7%
[2023-05-28 09:50:22,936] INFO logs.logger: 11.7%
[2023-05-28 09:50:22,936] INFO logs.logger: 11.7%
[2023-05-28 09:50:28,051] INFO logs.logger: 16.7%
[2023-05-28 09:50:28,051] INFO logs.logger: 16.7%
[2023-05-28 09:50:28,051] INFO logs.logger: 16.7%
[2023-05-28 09:50:33,062] INFO logs.logger: 15.6%
[2023-05-28 09:50:33,062] INFO logs.logger: 15.6%
[2023-05-28 09:50:33,062] INFO logs.logger: 15.6%
[2023-05-28 09:50:38,070] INFO logs.logger: 12.0%
[2023-05-28 09:50:38,070] INFO logs.logger: 12.0%
[2023-05-28 09:50:38,070] INFO logs.logger: 12.0%
[2023-05-28 09:50:43,092] INFO logs.logger: 12.3%
[2023-05-28 09:50:43,092] INFO logs.logger: 12.3%
[2023-05-28 09:50:43,092] INFO logs.logger: 12.3%
[2023-05-28 09:50:48,104] INFO logs.logger: 10.7%
[2023-05-28 09:50:48,104] INFO logs.logger: 10.7%
[2023-05-28 09:50:48,104] INFO logs.logger: 10.7%
[2023-05-28 09:50:53,114] INFO logs.logger: 18.3%
[2023-05-28 09:50:53,114] INFO logs.logger: 18.3%
[2023-05-28 09:50:53,114] INFO logs.logger: 18.3%
[2023-05-28 09:50:58,124] INFO logs.logger: 20.9%
[2023-05-28 09:50:58,124] INFO logs.logger: 20.9%
[2023-05-28 09:50:58,124] INFO logs.logger: 20.9%
[2023-05-28 09:51:03,133] INFO logs.logger: 8.3%
[2023-05-28 09:51:03,133] INFO logs.logger: 8.3%
[2023-05-28 09:51:03,133] INFO logs.logger: 8.3%
[2023-05-28 09:51:08,150] INFO logs.logger: 6.7%
[2023-05-28 09:51:08,150] INFO logs.logger: 6.7%
[2023-05-28 09:51:08,150] INFO logs.logger: 6.7%
[2023-05-28 09:51:13,160] INFO logs.logger: 6.4%
[2023-05-28 09:51:13,160] INFO logs.logger: 6.4%
[2023-05-28 09:51:13,160] INFO logs.logger: 6.4%
[2023-05-28 09:51:18,173] INFO logs.logger: 7.4%
[2023-05-28 09:51:18,173] INFO logs.logger: 7.4%
[2023-05-28 09:51:18,173] INFO logs.logger: 7.4%
[2023-05-28 09:51:23,192] INFO logs.logger: 5.7%
[2023-05-28 09:51:23,192] INFO logs.logger: 5.7%
[2023-05-28 09:51:23,192] INFO logs.logger: 5.7%
[2023-05-28 09:51:28,201] INFO logs.logger: 11.0%
[2023-05-28 09:51:28,201] INFO logs.logger: 11.0%
[2023-05-28 09:51:28,201] INFO logs.logger: 11.0%
[2023-05-28 09:51:33,213] INFO logs.logger: 8.1%
[2023-05-28 09:51:33,213] INFO logs.logger: 8.1%
[2023-05-28 09:51:33,213] INFO logs.logger: 8.1%
[2023-05-28 09:51:38,222] INFO logs.logger: 11.6%
[2023-05-28 09:51:38,222] INFO logs.logger: 11.6%
[2023-05-28 09:51:38,222] INFO logs.logger: 11.6%
[2023-05-28 09:51:43,232] INFO logs.logger: 12.8%
[2023-05-28 09:51:43,232] INFO logs.logger: 12.8%
[2023-05-28 09:51:43,232] INFO logs.logger: 12.8%
[2023-05-28 09:51:48,243] INFO logs.logger: 8.8%
[2023-05-28 09:51:48,243] INFO logs.logger: 8.8%
[2023-05-28 09:51:48,243] INFO logs.logger: 8.8%
[2023-05-28 09:51:53,250] INFO logs.logger: 7.4%
[2023-05-28 09:51:53,250] INFO logs.logger: 7.4%
[2023-05-28 09:51:53,250] INFO logs.logger: 7.4%
[2023-05-28 09:51:58,267] INFO logs.logger: 8.7%
[2023-05-28 09:51:58,267] INFO logs.logger: 8.7%
[2023-05-28 09:51:58,267] INFO logs.logger: 8.7%
[2023-05-28 09:52:03,274] INFO logs.logger: 5.0%
[2023-05-28 09:52:03,274] INFO logs.logger: 5.0%
[2023-05-28 09:52:03,274] INFO logs.logger: 5.0%
[2023-05-28 09:52:08,283] INFO logs.logger: 10.7%
[2023-05-28 09:52:08,283] INFO logs.logger: 10.7%
[2023-05-28 09:52:08,283] INFO logs.logger: 10.7%
[2023-05-28 09:52:13,299] INFO logs.logger: 10.5%
[2023-05-28 09:52:13,299] INFO logs.logger: 10.5%
[2023-05-28 09:52:13,299] INFO logs.logger: 10.5%
[2023-05-28 09:52:18,307] INFO logs.logger: 11.4%
[2023-05-28 09:52:18,307] INFO logs.logger: 11.4%
[2023-05-28 09:52:18,307] INFO logs.logger: 11.4%
[2023-05-28 09:52:23,315] INFO logs.logger: 2.7%
[2023-05-28 09:52:23,315] INFO logs.logger: 2.7%
[2023-05-28 09:52:23,315] INFO logs.logger: 2.7%
[2023-05-28 09:52:28,331] INFO logs.logger: 10.9%
[2023-05-28 09:52:28,331] INFO logs.logger: 10.9%
[2023-05-28 09:52:28,331] INFO logs.logger: 10.9%
[2023-05-28 09:52:33,348] INFO logs.logger: 9.9%
[2023-05-28 09:52:33,348] INFO logs.logger: 9.9%
[2023-05-28 09:52:33,348] INFO logs.logger: 9.9%
[2023-05-28 09:52:38,358] INFO logs.logger: 11.0%
[2023-05-28 09:52:38,358] INFO logs.logger: 11.0%
[2023-05-28 09:52:38,358] INFO logs.logger: 11.0%
[2023-05-28 09:52:41,991] INFO logs.logger: 16.7%
[2023-05-28 09:52:41,991] INFO logs.logger: 16.7%
[2023-05-28 09:52:41,991] INFO logs.logger: 16.7%
[2023-05-28 09:52:47,001] INFO logs.logger: 21.4%
[2023-05-28 09:52:47,001] INFO logs.logger: 21.4%
[2023-05-28 09:52:47,001] INFO logs.logger: 21.4%
[2023-05-28 09:52:52,018] INFO logs.logger: 10.1%
[2023-05-28 09:52:52,018] INFO logs.logger: 10.1%
[2023-05-28 09:52:52,018] INFO logs.logger: 10.1%
[2023-05-28 09:52:57,036] INFO logs.logger: 11.5%
[2023-05-28 09:52:57,036] INFO logs.logger: 11.5%
[2023-05-28 09:52:57,036] INFO logs.logger: 11.5%
[2023-05-28 09:53:02,044] INFO logs.logger: 10.1%
[2023-05-28 09:53:02,044] INFO logs.logger: 10.1%
[2023-05-28 09:53:02,044] INFO logs.logger: 10.1%
[2023-05-28 09:53:04,903] INFO logs.logger: 33.3%
[2023-05-28 09:53:04,903] INFO logs.logger: 33.3%
[2023-05-28 09:53:04,903] INFO logs.logger: 33.3%
[2023-05-28 09:53:09,913] INFO logs.logger: 16.5%
[2023-05-28 09:53:09,913] INFO logs.logger: 16.5%
[2023-05-28 09:53:09,913] INFO logs.logger: 16.5%
[2023-05-28 09:53:14,925] INFO logs.logger: 11.2%
[2023-05-28 09:53:14,925] INFO logs.logger: 11.2%
[2023-05-28 09:53:14,925] INFO logs.logger: 11.2%
[2023-05-28 09:53:19,944] INFO logs.logger: 10.3%
[2023-05-28 09:53:19,944] INFO logs.logger: 10.3%
[2023-05-28 09:53:19,944] INFO logs.logger: 10.3%
[2023-05-28 09:53:24,960] INFO logs.logger: 13.6%
[2023-05-28 09:53:24,960] INFO logs.logger: 13.6%
[2023-05-28 09:53:24,960] INFO logs.logger: 13.6%
[2023-05-28 09:53:28,547] INFO logs.logger: 0.0%
[2023-05-28 09:53:28,547] INFO logs.logger: 0.0%
[2023-05-28 09:53:28,547] INFO logs.logger: 0.0%
[2023-05-28 09:53:33,558] INFO logs.logger: 17.2%
[2023-05-28 09:53:33,558] INFO logs.logger: 17.2%
[2023-05-28 09:53:33,558] INFO logs.logger: 17.2%
[2023-05-28 09:53:38,571] INFO logs.logger: 12.0%
[2023-05-28 09:53:38,571] INFO logs.logger: 12.0%
[2023-05-28 09:53:38,571] INFO logs.logger: 12.0%
[2023-05-28 09:53:43,580] INFO logs.logger: 5.7%
[2023-05-28 09:53:43,580] INFO logs.logger: 5.7%
[2023-05-28 09:53:43,580] INFO logs.logger: 5.7%
[2023-05-28 09:53:49,496] INFO logs.logger: 16.7%
[2023-05-28 09:53:49,496] INFO logs.logger: 16.7%
[2023-05-28 09:53:49,496] INFO logs.logger: 16.7%
[2023-05-28 09:53:54,506] INFO logs.logger: 16.2%
[2023-05-28 09:53:54,506] INFO logs.logger: 16.2%
[2023-05-28 09:53:54,506] INFO logs.logger: 16.2%
[2023-05-28 09:53:59,519] INFO logs.logger: 13.5%
[2023-05-28 09:53:59,519] INFO logs.logger: 13.5%
[2023-05-28 09:53:59,519] INFO logs.logger: 13.5%
[2023-05-28 09:54:04,536] INFO logs.logger: 8.4%
[2023-05-28 09:54:04,536] INFO logs.logger: 8.4%
[2023-05-28 09:54:04,536] INFO logs.logger: 8.4%
[2023-05-28 09:54:09,545] INFO logs.logger: 8.5%
[2023-05-28 09:54:09,545] INFO logs.logger: 8.5%
[2023-05-28 09:54:09,545] INFO logs.logger: 8.5%
[2023-05-28 09:54:14,561] INFO logs.logger: 11.2%
[2023-05-28 09:54:14,561] INFO logs.logger: 11.2%
[2023-05-28 09:54:14,561] INFO logs.logger: 11.2%
[2023-05-28 09:54:19,578] INFO logs.logger: 10.8%
[2023-05-28 09:54:19,578] INFO logs.logger: 10.8%
[2023-05-28 09:54:19,578] INFO logs.logger: 10.8%
[2023-05-28 09:54:24,587] INFO logs.logger: 11.5%
[2023-05-28 09:54:24,587] INFO logs.logger: 11.5%
[2023-05-28 09:54:24,587] INFO logs.logger: 11.5%
[2023-05-28 09:54:29,603] INFO logs.logger: 6.1%
[2023-05-28 09:54:29,603] INFO logs.logger: 6.1%
[2023-05-28 09:54:29,603] INFO logs.logger: 6.1%
[2023-05-28 09:54:34,614] INFO logs.logger: 3.9%
[2023-05-28 09:54:34,614] INFO logs.logger: 3.9%
[2023-05-28 09:54:34,614] INFO logs.logger: 3.9%
[2023-05-28 09:54:39,626] INFO logs.logger: 6.7%
[2023-05-28 09:54:39,626] INFO logs.logger: 6.7%
[2023-05-28 09:54:39,626] INFO logs.logger: 6.7%
[2023-05-28 09:54:44,645] INFO logs.logger: 10.9%
[2023-05-28 09:54:44,645] INFO logs.logger: 10.9%
[2023-05-28 09:54:44,645] INFO logs.logger: 10.9%
[2023-05-28 09:54:49,656] INFO logs.logger: 5.7%
[2023-05-28 09:54:49,656] INFO logs.logger: 5.7%
[2023-05-28 09:54:49,656] INFO logs.logger: 5.7%
[2023-05-28 09:54:54,664] INFO logs.logger: 11.6%
[2023-05-28 09:54:54,664] INFO logs.logger: 11.6%
[2023-05-28 09:54:54,664] INFO logs.logger: 11.6%
[2023-05-28 09:55:00,434] INFO logs.logger: 50.0%
[2023-05-28 09:55:00,434] INFO logs.logger: 50.0%
[2023-05-28 09:55:00,434] INFO logs.logger: 50.0%
[2023-05-28 09:55:05,443] INFO logs.logger: 15.1%
[2023-05-28 09:55:05,443] INFO logs.logger: 15.1%
[2023-05-28 09:55:05,443] INFO logs.logger: 15.1%
[2023-05-28 09:55:10,455] INFO logs.logger: 7.3%
[2023-05-28 09:55:10,455] INFO logs.logger: 7.3%
[2023-05-28 09:55:10,455] INFO logs.logger: 7.3%
[2023-05-28 09:55:15,475] INFO logs.logger: 10.8%
[2023-05-28 09:55:15,475] INFO logs.logger: 10.8%
[2023-05-28 09:55:15,475] INFO logs.logger: 10.8%
[2023-05-28 09:55:20,484] INFO logs.logger: 10.8%
[2023-05-28 09:55:20,484] INFO logs.logger: 10.8%
[2023-05-28 09:55:20,484] INFO logs.logger: 10.8%
[2023-05-28 09:55:25,492] INFO logs.logger: 11.5%
[2023-05-28 09:55:25,492] INFO logs.logger: 11.5%
[2023-05-28 09:55:25,492] INFO logs.logger: 11.5%
[2023-05-28 09:55:30,508] INFO logs.logger: 14.8%
[2023-05-28 09:55:30,508] INFO logs.logger: 14.8%
[2023-05-28 09:55:30,508] INFO logs.logger: 14.8%
[2023-05-28 09:55:35,516] INFO logs.logger: 15.6%
[2023-05-28 09:55:35,516] INFO logs.logger: 15.6%
[2023-05-28 09:55:35,516] INFO logs.logger: 15.6%
[2023-05-28 09:55:40,526] INFO logs.logger: 16.9%
[2023-05-28 09:55:40,526] INFO logs.logger: 16.9%
[2023-05-28 09:55:40,526] INFO logs.logger: 16.9%
[2023-05-28 09:55:44,339] INFO logs.logger: 33.3%
[2023-05-28 09:55:44,339] INFO logs.logger: 33.3%
[2023-05-28 09:55:44,339] INFO logs.logger: 33.3%
[2023-05-28 09:55:49,349] INFO logs.logger: 15.1%
[2023-05-28 09:55:49,349] INFO logs.logger: 15.1%
[2023-05-28 09:55:49,349] INFO logs.logger: 15.1%
[2023-05-28 09:55:54,360] INFO logs.logger: 14.0%
[2023-05-28 09:55:54,360] INFO logs.logger: 14.0%
[2023-05-28 09:55:54,360] INFO logs.logger: 14.0%
[2023-05-28 09:55:59,369] INFO logs.logger: 10.3%
[2023-05-28 09:55:59,369] INFO logs.logger: 10.3%
[2023-05-28 09:55:59,369] INFO logs.logger: 10.3%
[2023-05-28 09:56:04,386] INFO logs.logger: 11.2%
[2023-05-28 09:56:04,386] INFO logs.logger: 11.2%
[2023-05-28 09:56:04,386] INFO logs.logger: 11.2%
[2023-05-28 09:56:09,396] INFO logs.logger: 12.7%
[2023-05-28 09:56:09,396] INFO logs.logger: 12.7%
[2023-05-28 09:56:09,396] INFO logs.logger: 12.7%
[2023-05-28 09:56:11,234] INFO logs.logger: 0.0%
[2023-05-28 09:56:11,234] INFO logs.logger: 0.0%
[2023-05-28 09:56:11,234] INFO logs.logger: 0.0%
[2023-05-28 09:56:16,243] INFO logs.logger: 16.0%
[2023-05-28 09:56:16,243] INFO logs.logger: 16.0%
[2023-05-28 09:56:16,243] INFO logs.logger: 16.0%
[2023-05-28 09:56:21,251] INFO logs.logger: 4.7%
[2023-05-28 09:56:21,251] INFO logs.logger: 4.7%
[2023-05-28 09:56:21,251] INFO logs.logger: 4.7%
[2023-05-28 09:56:26,271] INFO logs.logger: 28.6%
[2023-05-28 09:56:26,271] INFO logs.logger: 28.6%
[2023-05-28 09:56:26,271] INFO logs.logger: 28.6%
[2023-05-28 09:57:59,699] INFO logs.logger: 16.7%
[2023-05-28 09:57:59,699] INFO logs.logger: 16.7%
[2023-05-28 09:57:59,699] INFO logs.logger: 16.7%
[2023-05-28 10:02:04,668] INFO logs.logger: 42.9%
[2023-05-28 10:02:04,668] INFO logs.logger: 42.9%
[2023-05-28 10:02:04,668] INFO logs.logger: 42.9%
[2023-05-28 10:02:09,680] INFO logs.logger: 14.7%
[2023-05-28 10:02:09,680] INFO logs.logger: 14.7%
[2023-05-28 10:02:09,680] INFO logs.logger: 14.7%
[2023-05-28 10:02:14,689] INFO logs.logger: 13.6%
[2023-05-28 10:02:14,689] INFO logs.logger: 13.6%
[2023-05-28 10:02:14,689] INFO logs.logger: 13.6%
[2023-05-28 10:02:19,701] INFO logs.logger: 11.8%
[2023-05-28 10:02:19,701] INFO logs.logger: 11.8%
[2023-05-28 10:02:19,701] INFO logs.logger: 11.8%
[2023-05-28 10:02:24,712] INFO logs.logger: 12.0%
[2023-05-28 10:02:24,712] INFO logs.logger: 12.0%
[2023-05-28 10:02:24,712] INFO logs.logger: 12.0%
[2023-05-28 10:02:29,724] INFO logs.logger: 4.9%
[2023-05-28 10:02:29,724] INFO logs.logger: 4.9%
[2023-05-28 10:02:29,724] INFO logs.logger: 4.9%
[2023-05-28 10:03:44,937] INFO logs.logger: 0.0%
[2023-05-28 10:03:44,937] INFO logs.logger: 0.0%
[2023-05-28 10:03:44,937] INFO logs.logger: 0.0%
[2023-05-28 10:03:49,946] INFO logs.logger: 20.7%
[2023-05-28 10:03:49,946] INFO logs.logger: 20.7%
[2023-05-28 10:03:49,946] INFO logs.logger: 20.7%
[2023-05-28 10:03:54,955] INFO logs.logger: 12.7%
[2023-05-28 10:03:54,955] INFO logs.logger: 12.7%
[2023-05-28 10:03:54,955] INFO logs.logger: 12.7%
[2023-05-28 10:03:59,963] INFO logs.logger: 11.5%
[2023-05-28 10:03:59,963] INFO logs.logger: 11.5%
[2023-05-28 10:03:59,963] INFO logs.logger: 11.5%
[2023-05-28 10:04:04,980] INFO logs.logger: 5.9%
[2023-05-28 10:04:04,980] INFO logs.logger: 5.9%
[2023-05-28 10:04:04,980] INFO logs.logger: 5.9%
[2023-05-28 10:04:09,993] INFO logs.logger: 7.0%
[2023-05-28 10:04:09,993] INFO logs.logger: 7.0%
[2023-05-28 10:04:09,993] INFO logs.logger: 7.0%
[2023-05-28 10:04:15,010] INFO logs.logger: 10.2%
[2023-05-28 10:04:15,010] INFO logs.logger: 10.2%
[2023-05-28 10:04:15,010] INFO logs.logger: 10.2%
[2023-05-28 10:04:20,018] INFO logs.logger: 4.6%
[2023-05-28 10:04:20,018] INFO logs.logger: 4.6%
[2023-05-28 10:04:20,018] INFO logs.logger: 4.6%
[2023-05-28 10:04:25,026] INFO logs.logger: 6.8%
[2023-05-28 10:04:25,026] INFO logs.logger: 6.8%
[2023-05-28 10:04:25,026] INFO logs.logger: 6.8%
[2023-05-28 10:04:30,044] INFO logs.logger: 17.1%
[2023-05-28 10:04:30,044] INFO logs.logger: 17.1%
[2023-05-28 10:04:30,044] INFO logs.logger: 17.1%
[2023-05-28 10:07:07,244] INFO logs.logger: 16.7%
[2023-05-28 10:07:07,244] INFO logs.logger: 16.7%
[2023-05-28 10:07:07,244] INFO logs.logger: 16.7%
[2023-05-28 10:07:12,255] INFO logs.logger: 11.5%
[2023-05-28 10:07:12,255] INFO logs.logger: 11.5%
[2023-05-28 10:07:12,255] INFO logs.logger: 11.5%
[2023-05-28 10:07:17,267] INFO logs.logger: 7.4%
[2023-05-28 10:07:17,267] INFO logs.logger: 7.4%
[2023-05-28 10:07:17,267] INFO logs.logger: 7.4%
[2023-05-28 10:07:22,283] INFO logs.logger: 7.2%
[2023-05-28 10:07:22,283] INFO logs.logger: 7.2%
[2023-05-28 10:07:22,283] INFO logs.logger: 7.2%
